"../../../Igra/Content/Character/NobuoUpdated/Nobuo_Skeleton.uasset" 0
"../../../Igra/Content/Character/Nobuo/NobuoANIMATION_rig_Idle.uasset" 1
"../../../Igra/Content/Character/Nobuo/NobuoANIMATION_rig_Run.uasset" 2
"../../../Igra/Content/Character/NobuoUpdated/Nobuo_Anim_rig_Run.uasset" 3
"../../../Igra/Content/Character/NobuoUpdated/Nobuo_Anim_rig_Walk.uasset" 4
"../../../Igra/Content/Character/Nobuo/NobuoBS.uasset" 5
"../../../Engine/Content/EditorBlueprintResources/StandardMacros.uasset" 6
"../../../Igra/Content/Character/Srdela/Srdela_Skeleton.uasset" 7
"../../../Igra/Content/Character/Srdela/Srdela_Anim_SrdelaSkeleton_ShieldUp.uasset" 8
"../../../Igra/Content/Character/Srdela/Srdela_Anim_SrdelaSkeleton_Idle.uasset" 9
"../../../Igra/Content/Character/Srdela/Srdela_Anim_SrdelaSkeleton_MoveBackwards.uasset" 10
"../../../Igra/Content/Character/Srdela/Srdela_Anim_SrdelaSkeleton_MoveForward.uasset" 11
"../../../Igra/Content/Character/Srdela/Srdela_Anim_SrdelaSkeleton_MoveRight.uasset" 12
"../../../Igra/Content/Character/Srdela/Srdela_Anim_SrdelaSkeleton_RunForward.uasset" 13
"../../../Igra/Content/Character/Srdela/SrdelaWalkLeft.uasset" 14
"../../../Igra/Content/Character/Srdela/SrdelaLockOnBS.uasset" 15
"../../../Igra/Content/Character/Srdela/Srdela_Anim_SrdelaSkeleton_BlockPose.uasset" 16
"../../../Igra/Content/Character/Srdela/ShieldUpBS.uasset" 17
"../../../Igra/Content/Character/Srdela/SrdelaBS.uasset" 18
"../../../Igra/Content/Character/Srdela/SrdelaAnimBP.uasset" 19
"../../../Igra/Content/Character/Srdela/Srdela_Anim_SrdelaSkeleton_Attack1.uasset" 20
"../../../Igra/Content/Character/Gibonni/SwordTrail.uasset" 21
"../../../Igra/Content/Character/Gibonni/NewParticleSystem.uasset" 22
"../../../Igra/Content/Sounds/SwordSwish/swish-1.uasset" 23
"../../../Igra/Content/Sounds/SwordSwish/swish-1_Cue.uasset" 24
"../../../Igra/Content/Character/Srdela/Attack1.uasset" 25
"../../../Igra/Content/Character/Srdela/Srdela_Anim_SrdelaSkeleton_Attack2.uasset" 26
"../../../Igra/Content/Sounds/SwordSwish/swish-2.uasset" 27
"../../../Igra/Content/Sounds/SwordSwish/swish-2_Cue.uasset" 28
"../../../Igra/Content/Character/Srdela/Attack2.uasset" 29
"../../../Igra/Content/Character/Srdela/Srdela_Anim_SrdelaSkeleton_Attack3.uasset" 30
"../../../Igra/Content/Sounds/SwordSwish/swish-3.uasset" 31
"../../../Igra/Content/Sounds/SwordSwish/swish-3_Cue.uasset" 32
"../../../Igra/Content/Character/Srdela/Attack3.uasset" 33
"../../../Igra/Content/Character/Srdela/SrdelaThrowCharge_Charge.uasset" 34
"../../../Igra/Content/Character/Srdela/Charge.uasset" 35
"../../../Igra/Content/Character/Srdela/Srdela_Anim_SrdelaSkeleton_Dash.uasset" 36
"../../../Igra/Content/Character/Srdela/Dash.uasset" 37
"../../../Igra/Content/Character/Srdela/Srdela_Anim_SrdelaSkeleton_Roll.uasset" 38
"../../../Igra/Content/Character/Srdela/Roll.uasset" 39
"../../../Igra/Content/Character/Srdela/SrdelaThrowCharge_ShieldThrow.uasset" 40
"../../../Igra/Content/Character/Srdela/ThrowShield.uasset" 41
"../../../Igra/Content/Character/Srdela/SrdelaAIAnimBP.uasset" 42
"../../../Igra/Content/Character/Srdela/Srdela_Anim_SrdelaSkeleton_BlockBreak.uasset" 43
"../../../Igra/Content/Character/Srdela/BlockBreak.uasset" 44
"../../../Igra/Content/AI/AI_Blackboard.uasset" 45
"../../../Igra/Content/AI/ApproachPlayer.uasset" 46
"../../../Igra/Content/Character/Srdela/SrdelaFastAIAnimBP.uasset" 47
"../../../Igra/Content/AI/Attack2_fast.uasset" 48
"../../../Igra/Content/AI/Attack3_Fast.uasset" 49
"../../../Igra/Content/AI/Attack_Fast.uasset" 50
"../../../Igra/Content/AI/BAsicAI/Attack2.uasset" 51
"../../../Igra/Content/AI/BAsicAI/Attack3.uasset" 52
"../../../Igra/Content/AI/Check.uasset" 53
"../../../Igra/Content/AI/FromLocationCheck.uasset" 54
"../../../Igra/Content/AI/IsInRadius.uasset" 55
"../../../Igra/Content/AI/Tasks/CustomCircleMove.uasset" 56
"../../../Igra/Content/AI/Tasks/CustomMove.uasset" 57
"../../../Igra/Content/AI/Tasks/Patrol.uasset" 58
"../../../Igra/Content/AI/Query.uasset" 59
"../../../Igra/Content/AI/AI_BehaviourTree.uasset" 60
"../../../Igra/Content/AI/AI_CharacterController.uasset" 61
"../../../Igra/Content/Character/NobuoUpdated/CoatTexture.uasset" 62
"../../../Igra/Content/Character/NobuoUpdated/CoatTailMaterial.uasset" 63
"../../../Igra/Content/Character/NobuoUpdated/NobuoTexture.uasset" 64
"../../../Igra/Content/Character/NobuoUpdated/NobuoMaterial.uasset" 65
"../../../Igra/Content/Character/Nobuo/Nobuo_PhysicsAsset.uasset" 66
"../../../Igra/Content/Character/Nobuo/Nobuo.uasset" 67
"../../../Igra/Content/AI/AI_CharacterAdvanced.uasset" 68
"../../../Igra/Content/AI/Tasks/CustomMoveBasicAI.uasset" 69
"../../../Igra/Content/AI/CustomMoveBasicAI_Fast.uasset" 70
"../../../Igra/Content/AI/DodgeAttack.uasset" 71
"../../../Igra/Content/AI/IsInAttackRadius_Fast.uasset" 72
"../../../Igra/Content/AI/SetAIStunned.uasset" 73
"../../../Igra/Content/AI/Tasks/CustomCircleMoveBasicAI.uasset" 74
"../../../Igra/Content/AI/FastBasicAI_BH.uasset" 75
"../../../Igra/Content/AI/AI_BasicFast_Controller.uasset" 76
"../../../Igra/Content/Character/Srdela/Srdela_Anim_SrdelaSkeleton_BlockHit.uasset" 77
"../../../Igra/Content/Character/Srdela/BlockHit.uasset" 78
"../../../Igra/Content/Character/Gibonni/GibonniSword_Skeleton.uasset" 79
"../../../Igra/Content/Character/Gibonni/GibonniSword_Anim.uasset" 80
"../../../Igra/Content/Character/Gibonni/GibonniSword.uasset" 81
"../../../Igra/Content/Character/Gibonni/Weapon_Sword.uasset" 82
"../../../Engine/Content/Functions/Engine_MaterialFunctions01/Opacity/CameraDepthFade.uasset" 83
"../../../Engine/Content/EngineMaterials/T_Default_Material_Grid_M.uasset" 84
"../../../Engine/Content/EngineMaterials/T_Default_Material_Grid_N.uasset" 85
"../../../Engine/Content/EngineMaterials/WorldGridMaterial.uasset" 86
"../../../Igra/Content/Character/Gibonni/GibonniShield.uasset" 87
"../../../Igra/Content/Sounds/Level_Effects/FailSound.uasset" 88
"../../../Igra/Content/Sounds/Level_Effects/FailSound_Cue.uasset" 89
"../../../Igra/Content/Character/Gibonni/EnemyWeapon_Shield.uasset" 90
"../../../Igra/Content/Character/Gibonni/FastEnemyWeapon_Sword.uasset" 91
"../../../Igra/Content/Character/Srdela/Bod.uasset" 92
"../../../Igra/Content/Character/Srdela/Eyes.uasset" 93
"../../../Igra/Content/Character/Srdela/Srdela.uasset" 94
"../../../Igra/Content/AI/AI_Basic_Fast.uasset" 95
"../../../Igra/Content/AI/BAsicAI/Attack.uasset" 96
"../../../Igra/Content/AI/IsInAttackRadius.uasset" 97
"../../../Igra/Content/AI/IsInRadiusBasicAI.uasset" 98
"../../../Igra/Content/AI/BasicAI_BH.uasset" 99
"../../../Igra/Content/AI/AI_BasicController.uasset" 100
"../../../Igra/Content/Character/Gibonni/EnemyWeapon_Sword.uasset" 101
"../../../Igra/Content/Character/Tuna/Bod.uasset" 102
"../../../Igra/Content/Character/Tuna/Eyes.uasset" 103
"../../../Igra/Content/Character/Tuna/Tuna_PhysicsAsset.uasset" 104
"../../../Igra/Content/Character/Tuna/Tuna.uasset" 105
"../../../Igra/Content/AI/AI_Basic.uasset" 106
"../../../Igra/Content/Blueprints/IsCharacterCloseToSomeone.uasset" 107
"../../../Igra/Content/Character/Gibonni/Weapon_Shield.uasset" 108
"../../../Igra/Content/Character/GibonniCameraShake.uasset" 109
"../../../Igra/Content/Environments/CityAssets/DemoBell/DemoBell_Skeleton.uasset" 110
"../../../Igra/Content/Environments/CityAssets/DemoBell/DemoBell_Anim_DemoBellBone_BellDING.uasset" 111
"../../../Igra/Content/Environments/CityAssets/DemoBell/DemoBell_Anim_DemoBellBone_BellSilence.uasset" 112
"../../../Igra/Content/Environments/CityAssets/DemoBell/Material.uasset" 113
"../../../Igra/Content/Environments/CityAssets/DemoBell/DemoBell_PhysicsAsset.uasset" 114
"../../../Igra/Content/Environments/CityAssets/DemoBell/DemoBell.uasset" 115
"../../../Igra/Content/Sounds/Level_Effects/BellSound.uasset" 116
"../../../Igra/Content/Sounds/Level_Effects/BellSound_Cue.uasset" 117
"../../../Igra/Content/Environments/CityAssets/DemoBell/DemoBellBP.uasset" 118
"../../../Igra/Content/Master.uasset" 119
"../../../Igra/Content/NewSoundMix.uasset" 120
"../../../Igra/Content/Sounds/Footsteps/footstep00.uasset" 121
"../../../Igra/Content/Sounds/Footsteps/footstep00Cue.uasset" 122
"../../../Igra/Content/Sounds/Footsteps/footstep01.uasset" 123
"../../../Igra/Content/Sounds/Footsteps/footstep01Cue.uasset" 124
"../../../Igra/Content/Sounds/Footsteps/footstep02.uasset" 125
"../../../Igra/Content/Sounds/Footsteps/footstep02Cue.uasset" 126
"../../../Igra/Content/Sounds/Footsteps/footstep03.uasset" 127
"../../../Igra/Content/Sounds/Footsteps/footstep03Cue.uasset" 128
"../../../Igra/Content/Sounds/Footsteps/footstep04.uasset" 129
"../../../Igra/Content/Sounds/Footsteps/footstep04Cue.uasset" 130
"../../../Igra/Content/Sounds/Footsteps/footstep05.uasset" 131
"../../../Igra/Content/Sounds/Footsteps/footstep05Cue.uasset" 132
"../../../Igra/Content/Character/CharacterVP.uasset" 133
"../../../Igra/Content/Character/Nobuo/NobuoAnimBP.uasset" 134
"../../../Igra/Content/AI/AI_Character.uasset" 135
"../../../Igra/Content/AI/BasicAI_Blackboard.uasset" 136
"../../../Igra/Content/Character/NobuoUpdated/Nobuo_PhysicsAsset.uasset" 137
"../../../Igra/Content/Character/NobuoUpdated/Nobuo.uasset" 138
"../../../Igra/Content/AI/CharacterVP.uasset" 139
"../../../Igra/Content/AI/CheckForPlayerPosition.uasset" 140
"../../../Igra/Content/AI/CustomCircleMove.uasset" 141
"../../../Igra/Content/AI/BAsicAI/CustomMove_New.uasset" 142
"../../../Igra/Content/AI/BAsicAI/EnemyBB.uasset" 143
"../../../Igra/Content/AI/BAsicAI/CustomMoveEnemy.uasset" 144
"../../../Igra/Content/AI/BAsicAI/IsInRadius_New.uasset" 145
"../../../Igra/Content/AI/BAsicAI/EnemyBH.uasset" 146
"../../../Igra/Content/AI/Tasks/FromLocation.uasset" 147
"../../../Igra/Content/Blueprints/Controls.uasset" 148
"../../../Igra/Content/Blueprints/Quit_gamepng.uasset" 149
"../../../Igra/Content/Blueprints/Resolution.uasset" 150
"../../../Igra/Content/Blueprints/Return_to_game.uasset" 151
"../../../Igra/Content/Blueprints/Settings.uasset" 152
"../../../Igra/Content/Blueprints/Untitxxxxxxxxxxxxxxled.uasset" 153
"../../../Igra/Content/StarterContent/Materials/M_Glass.uasset" 154
"../../../Igra/Content/StarterContent/Textures/T_Door_M.uasset" 155
"../../../Igra/Content/StarterContent/Textures/T_Door_N.uasset" 156
"../../../Igra/Content/StarterContent/Props/Materials/M_Door.uasset" 157
"../../../Igra/Content/StarterContent/Props/SM_Door.uasset" 158
"../../../Igra/Content/Character/FToOpenBP.uasset" 159
"../../../Igra/Content/Character/NewBlueprint.uasset" 160
"../../../Igra/Content/Character/Animations/MontageExample_End_1.uasset" 161
"../../../Igra/Content/Character/Animations/MontageExample_End_2.uasset" 162
"../../../Igra/Content/Character/Animations/MontageExample_Punch_1.uasset" 163
"../../../Igra/Content/Character/Animations/MontageExample_Punch_2.uasset" 164
"../../../Igra/Content/Character/Animations/MontageExample_Start.uasset" 165
"../../../Igra/Content/Character/Animations/ThirdPersonIdle.uasset" 166
"../../../Igra/Content/Character/Animations/ThirdPersonJump_End.uasset" 167
"../../../Igra/Content/Character/Animations/ThirdPersonJump_Loop.uasset" 168
"../../../Igra/Content/Character/Animations/ThirdPersonJump_Start.uasset" 169
"../../../Igra/Content/Character/Animations/ThirdPersonRun.uasset" 170
"../../../Igra/Content/Character/Animations/ThirdPersonWalk.uasset" 171
"../../../Igra/Content/Character/Architecture/ArchTexture.uasset" 172
"../../../Igra/Content/Character/Architecture/ArchMaterial.uasset" 173
"../../../Igra/Content/Character/Architecture/Arch(1).uasset" 174
"../../../Igra/Content/Character/Architecture/Arch.uasset" 175
"../../../Igra/Content/Character/Architecture/DoorTexture.uasset" 176
"../../../Igra/Content/Character/Architecture/DoorMaterial.uasset" 177
"../../../Igra/Content/Character/Architecture/Door.uasset" 178
"../../../Igra/Content/Character/Architecture/DoorMaterial(1).uasset" 179
"../../../Igra/Content/Character/Architecture/RoofMaterial.uasset" 180
"../../../Igra/Content/Character/Architecture/Roof.uasset" 181
"../../../Igra/Content/Character/Architecture/RoofEnd(1).uasset" 182
"../../../Igra/Content/Character/Architecture/RoofEnd.uasset" 183
"../../../Igra/Content/Character/Architecture/WallTexture.uasset" 184
"../../../Igra/Content/Character/Architecture/WallMaterial.uasset" 185
"../../../Igra/Content/Character/Architecture/Wall.uasset" 186
"../../../Igra/Content/Character/Architecture/WindowTexture.uasset" 187
"../../../Igra/Content/Character/Architecture/WindowMaterial.uasset" 188
"../../../Igra/Content/Character/Architecture/WindowsGlassMaterial.uasset" 189
"../../../Igra/Content/Character/Architecture/Window(1).uasset" 190
"../../../Igra/Content/Character/Architecture/Window.uasset" 191
"../../../Igra/Content/Character/Gibonni/GibonniShield_Skeleton.uasset" 192
"../../../Igra/Content/Character/Gof/Gof_Skeleton.uasset" 193
"../../../Igra/Content/Character/Gof/Gof_Anim_Armature_Attack.uasset" 194
"../../../Igra/Content/Character/Gof/Gof_Anim_Armature_Death.uasset" 195
"../../../Igra/Content/Character/Gof/Gof_Anim_Armature_Idle.uasset" 196
"../../../Igra/Content/Character/Gof/Gof_Anim_Armature_MoveFwd.uasset" 197
"../../../Igra/Content/Character/Gof/Gof_Anim_Armature_TPose.uasset" 198
"../../../Igra/Content/Character/Materials/NobuoBodyTexture.uasset" 199
"../../../Igra/Content/Character/Materials/BodyMaterial(1).uasset" 200
"../../../Igra/Content/Character/Materials/BodyMaterial.uasset" 201
"../../../Igra/Content/Character/Materials/CharacterMaterial(1).uasset" 202
"../../../Igra/Content/Character/Materials/CharacterMaterial.uasset" 203
"../../../Igra/Content/Character/Materials/Coat(1).uasset" 204
"../../../Igra/Content/Character/Materials/CoatTail(1).uasset" 205
"../../../Igra/Content/Character/Materials/CoatTail.uasset" 206
"../../../Igra/Content/Character/Materials/Coat.uasset" 207
"../../../Igra/Content/Character/Materials/CoatTail1(1).uasset" 208
"../../../Igra/Content/Character/Materials/CoatTail1.uasset" 209
"../../../Igra/Content/Character/Materials/Eyes(1).uasset" 210
"../../../Igra/Content/Character/Materials/Glasses.uasset" 211
"../../../Igra/Content/Character/Materials/FrameMaterial(1).uasset" 212
"../../../Igra/Content/Character/Materials/FrameMaterial.uasset" 213
"../../../Igra/Content/Character/Materials/Glasses(1).uasset" 214
"../../../Igra/Content/Character/Materials/GlassesMaterial(1).uasset" 215
"../../../Igra/Content/Character/Materials/GlassesMaterial.uasset" 216
"../../../Igra/Content/Character/Materials/NobuoHead.uasset" 217
"../../../Igra/Content/Character/Materials/HeadMaterial(1).uasset" 218
"../../../Igra/Content/Character/Materials/HeadMaterial.uasset" 219
"../../../Igra/Content/Character/Materials/NobuoBodyTexture(1).uasset" 220
"../../../Igra/Content/Character/Materials/NobuoHead(1).uasset" 221
"../../../Igra/Content/Character/Materials/Eyes.uasset" 222
"../../../Igra/Content/Character/Materials/Nobuo_Material(1).uasset" 223
"../../../Igra/Content/Character/Materials/Nobuo_Material.uasset" 224
"../../../Igra/Content/Character/Materials/Scabbard1.uasset" 225
"../../../Igra/Content/Character/Materials/Scabbard(1).uasset" 226
"../../../Igra/Content/Character/Materials/Scabbard.uasset" 227
"../../../Igra/Content/Character/Materials/Scabbard1(1).uasset" 228
"../../../Igra/Content/Character/Nobuo/NobuoANIMATION_rig_Walk.uasset" 229
"../../../Igra/Content/Character/Nobuo/NobuoANIMATION_Walk.uasset" 230
"../../../Igra/Content/Character/NobuoUpdated/Nobuo_Anim_Nobuo_Untitled_001.uasset" 231
"../../../Igra/Content/Character/NobuoUpdated/Nobuo_Anim_rig_01TPose.uasset" 232
"../../../Igra/Content/Character/NobuoUpdated/Nobuo_Anim_rig_Untitled_001.uasset" 233
"../../../Igra/Content/Character/NobuoUpdated/Nobuo_Anim_rig_WalkStart.uasset" 234
"../../../Igra/Content/Character/Srdela/Srdela_Anim_SrdelaSkeleton_1TPose.uasset" 235
"../../../Igra/Content/Character/Srdela/Srdela_PhysicsAsset.uasset" 236
"../../../Igra/Content/Environments/CityAssets/CelShadeTest.uasset" 237
"../../../Igra/Content/Environments/CityAssets/CelShade.uasset" 238
"../../../Igra/Content/Environments/CityAssets/CelShadeArena.uasset" 239
"../../../Igra/Content/Environments/CityAssets/city_demo.uasset" 240
"../../../Igra/Content/Environments/CityAssets/LaundryTexture.uasset" 241
"../../../Igra/Content/Environments/CityAssets/LaundryMaterial.uasset" 242
"../../../Igra/Content/Environments/CityAssets/ClothesRack1.uasset" 243
"../../../Igra/Content/Environments/CityAssets/FlowerPotTexture.uasset" 244
"../../../Igra/Content/Environments/CityAssets/HouseGrids/JustWallBlueTexture.uasset" 245
"../../../Igra/Content/Environments/CityAssets/HouseGrids/JustWallBlue.uasset" 246
"../../../Igra/Content/Environments/CityAssets/Wall.uasset" 247
"../../../Igra/Content/Environments/CityAssets/HouseGrids/CornerStonesMaterial.uasset" 248
"../../../Igra/Content/Environments/CityAssets/WallDetail1.uasset" 249
"../../../Igra/Content/Environments/CityAssets/WallTexture.uasset" 250
"../../../Igra/Content/Environments/CityAssets/HouseGrids/WindowBarsYellowTexture.uasset" 251
"../../../Igra/Content/Environments/CityAssets/HouseGrids/WindowBarsBlue.uasset" 252
"../../../Igra/Content/Environments/CityAssets/HouseGrids/WindowsBarsBlueGlow.uasset" 253
"../../../Igra/Content/Environments/CityAssets/HouseGrids/BarredWindow.uasset" 254
"../../../Igra/Content/Environments/CityAssets/HouseGrids/OpenWindowTextureYellow.uasset" 255
"../../../Igra/Content/Environments/CityAssets/HouseGrids/ClosedWindowMaterial.uasset" 256
"../../../Igra/Content/Environments/CityAssets/HouseGrids/ClosedSquareWindow.uasset" 257
"../../../Igra/Content/Environments/CityAssets/HouseGrids/CornerDetail1.uasset" 258
"../../../Igra/Content/Environments/CityAssets/HouseGrids/DoorOvalTexture.uasset" 259
"../../../Igra/Content/Environments/CityAssets/HouseGrids/DoorTexture.uasset" 260
"../../../Igra/Content/Environments/CityAssets/HouseGrids/HouseMaterial.uasset" 261
"../../../Igra/Content/Environments/CityAssets/HouseGrids/JustWallYellowTexture.uasset" 262
"../../../Igra/Content/Environments/CityAssets/HouseGrids/OpenWindowMaterial.uasset" 263
"../../../Igra/Content/Environments/CityAssets/HouseGrids/OpenWindowShine.uasset" 264
"../../../Igra/Content/Environments/CityAssets/HouseGrids/OpenSquareWindow.uasset" 265
"../../../Igra/Content/Environments/CityAssets/HouseGrids/OpenWindowTextureBlue.uasset" 266
"../../../Igra/Content/Environments/CityAssets/HouseGrids/DoorOvalTextureYellow.uasset" 267
"../../../Igra/Content/Environments/CityAssets/HouseGrids/DoorOval.uasset" 268
"../../../Igra/Content/Environments/CityAssets/HouseGrids/OvalDoor.uasset" 269
"../../../Igra/Content/Environments/CityAssets/HouseGrids/OvalWindowYellowTexture.uasset" 270
"../../../Igra/Content/Environments/CityAssets/HouseGrids/OvalWindowBlue.uasset" 271
"../../../Igra/Content/Environments/CityAssets/HouseGrids/OvalWindowBlueGlow.uasset" 272
"../../../Igra/Content/Environments/CityAssets/HouseGrids/OvalWindow.uasset" 273
"../../../Igra/Content/Environments/CityAssets/HouseGrids/OvalWindowBlueTexture.uasset" 274
"../../../Igra/Content/Environments/CityAssets/HouseGrids/RoofTexture.uasset" 275
"../../../Igra/Content/Environments/CityAssets/HouseGrids/RoofMaterial.uasset" 276
"../../../Igra/Content/Environments/CityAssets/HouseGrids/Roof.uasset" 277
"../../../Igra/Content/Environments/CityAssets/HouseGrids/DoorTextureYellow.uasset" 278
"../../../Igra/Content/Environments/CityAssets/HouseGrids/DoorLight.uasset" 279
"../../../Igra/Content/Environments/CityAssets/HouseGrids/DoorMaterial_001.uasset" 280
"../../../Igra/Content/Environments/CityAssets/HouseGrids/SquareDoor.uasset" 281
"../../../Igra/Content/Environments/CityAssets/HouseGrids/Windows2Texture.uasset" 282
"../../../Igra/Content/Environments/CityAssets/HouseGrids/Window2Material.uasset" 283
"../../../Igra/Content/Environments/CityAssets/HouseGrids/WindowBarsBlueTexture.uasset" 284
"../../../Igra/Content/Environments/CityAssets/HouseGrids/WindowTexture.uasset" 285
"../../../Igra/Content/Environments/CityAssets/HouseGrids/WindowMaterial.uasset" 286
"../../../Igra/Content/Environments/CityAssets/HouseGrids/Windows2TextureLight.uasset" 287
"../../../Igra/Content/Environments/CityAssets/Lamp/Lamp_Red_Skeleton.uasset" 288
"../../../Igra/Content/Environments/CityAssets/Lamp/Lamp_Red_Anim_Armature_LampSwing.uasset" 289
"../../../Igra/Content/StarterContent/Materials/M_Basic_Wall.uasset" 290
"../../../Igra/Content/StarterContent/Architecture/Pillar_50x500.uasset" 291
"../../../Igra/Content/StarterContent/Architecture/Wall_400x300.uasset" 292
"../../../Igra/Content/StarterContent/Architecture/Wall_500x500.uasset" 293
"../../../Igra/Content/StarterContent/Architecture/Wall_Door_400x400.uasset" 294
"../../../Igra/Content/StarterContent/Architecture/Wall_Window_400x400.uasset" 295
"../../../Igra/Content/StarterContent/Audio/Light01_Cue.uasset" 296
"../../../Igra/Content/StarterContent/Audio/Light02_Cue.uasset" 297
"../../../Igra/Content/StarterContent/Audio/Explosion_Cue.uasset" 298
"../../../Igra/Content/StarterContent/Textures/T_Burst_M.uasset" 299
"../../../Igra/Content/StarterContent/Particles/Materials/M_Burst.uasset" 300
"../../../Igra/Content/StarterContent/Textures/T_Explosion_SubUV.uasset" 301
"../../../Igra/Content/StarterContent/Particles/Materials/M_explosion_subUV.uasset" 302
"../../../Igra/Content/StarterContent/Particles/Materials/m_flare_01.uasset" 303
"../../../Engine/Content/Functions/Engine_MaterialFunctions01/Gradient/RadialGradient.uasset" 304
"../../../Igra/Content/StarterContent/Particles/Materials/M_radial_ramp.uasset" 305
"../../../Igra/Content/StarterContent/Textures/T_Smoke_SubUV.uasset" 306
"../../../Igra/Content/StarterContent/Textures/T_Smoke_Tiled_D.uasset" 307
"../../../Igra/Content/StarterContent/Particles/Materials/M_smoke_subUV.uasset" 308
"../../../Igra/Content/StarterContent/Particles/P_Explosion.uasset" 309
"../../../Igra/Content/StarterContent/Blueprints/Blueprint_Effect_Explosion.uasset" 310
"../../../Igra/Content/StarterContent/Maps/Demo_sharedassets/Dirt_LayerInfo.uasset" 311
"../../../Igra/Content/StarterContent/Maps/Demo_sharedassets/Grass_LayerInfo.uasset" 312
"../../../Igra/Content/StarterContent/Maps/Demo_sharedassets/Snow_LayerInfo.uasset" 313
"../../../Engine/Content/EditorMeshes/ColorCalibrator/T_ColorGrid.uasset" 314
"../../../Igra/Content/StarterContent/Materials/M_ColorGrid_LowSpec.uasset" 315
"../../../Igra/Content/StarterContent/Textures/T_Bush_D.uasset" 316
"../../../Igra/Content/StarterContent/Textures/T_Bush_N.uasset" 317
"../../../Igra/Content/StarterContent/Props/Materials/M_Bush.uasset" 318
"../../../Igra/Content/StarterContent/Props/SM_Bush.uasset" 319
"../../../Igra/Content/StarterContent/Textures/T_Chair_M.uasset" 320
"../../../Igra/Content/StarterContent/Textures/T_Chair_N.uasset" 321
"../../../Igra/Content/StarterContent/Props/Materials/M_Chair.uasset" 322
"../../../Igra/Content/StarterContent/Props/SM_Couch.uasset" 323
"../../../Igra/Content/StarterContent/Props/Materials/M_MaterialSphere.uasset" 324
"../../../Igra/Content/StarterContent/Props/Materials/M_MaterialSphere_Plain.uasset" 325
"../../../Igra/Content/StarterContent/Props/SM_MatPreviewMesh_02.uasset" 326
"../../../Engine/Content/Functions/Engine_MaterialFunctions02/Utility/BlendAngleCorrectedNormals.uasset" 327
"../../../Igra/Content/StarterContent/Textures/T_Detail_Rocky_N.uasset" 328
"../../../Igra/Content/StarterContent/Textures/T_Rock_Basalt_D.uasset" 329
"../../../Igra/Content/StarterContent/Textures/T_RockMesh_M.uasset" 330
"../../../Igra/Content/StarterContent/Textures/T_RockMesh_N.uasset" 331
"../../../Igra/Content/StarterContent/Props/Materials/M_Rock.uasset" 332
"../../../Igra/Content/StarterContent/Props/SM_Rock.uasset" 333
"../../../Igra/Content/StarterContent/Textures/T_Shelf_M.uasset" 334
"../../../Igra/Content/StarterContent/Textures/T_Shelf_N.uasset" 335
"../../../Igra/Content/StarterContent/Props/Materials/M_Shelf.uasset" 336
"../../../Igra/Content/StarterContent/Props/SM_Shelf.uasset" 337
"../../../Igra/Content/StarterContent/Materials/M_Basic_Floor.uasset" 338
"../../../Igra/Content/StarterContent/Props/SM_Stairs.uasset" 339
"../../../Igra/Content/StarterContent/Shapes/Shape_Cone.uasset" 340
"../../../Igra/Content/StarterContent/Shapes/Shape_Cylinder.uasset" 341
"../../../Igra/Content/StarterContent/Shapes/Shape_NarrowCapsule.uasset" 342
"../../../Igra/Content/StarterContent/Shapes/Shape_Pipe.uasset" 343
"../../../Igra/Content/StarterContent/Shapes/Shape_Pipe_180.uasset" 344
"../../../Igra/Content/StarterContent/Shapes/Shape_Pipe_90.uasset" 345
"../../../Igra/Content/StarterContent/Shapes/Shape_Plane.uasset" 346
"../../../Igra/Content/StarterContent/Shapes/Shape_Torus.uasset" 347
"../../../Igra/Content/StarterContent/Shapes/Shape_Trim.uasset" 348
"../../../Igra/Content/StarterContent/Shapes/Shape_Trim_90_In.uasset" 349
"../../../Igra/Content/StarterContent/Shapes/Shape_Trim_90_Out.uasset" 350
"../../../Igra/Content/StarterContent/Shapes/Shape_TriPyramid.uasset" 351
"../../../Igra/Content/StarterContent/Shapes/Shape_Tube.uasset" 352
"../../../Igra/Content/StarterContent/Shapes/Shape_Wedge_A.uasset" 353
"../../../Igra/Content/StarterContent/Shapes/Shape_Wedge_B.uasset" 354
"../../../Igra/Content/StarterContent/Shapes/Shape_WideCapsule.uasset" 355
"../../../Engine/Content/EngineMaterials/DefaultMaterial.uasset" 356
"../../../Engine/Content/BasicShapes/Cone.uasset" 357
"../../../Engine/Content/BasicShapes/Cylinder.uasset" 358
"../../../Engine/Content/BasicShapes/Plane.uasset" 359
"../../../Engine/Content/BasicShapes/Sphere.uasset" 360
"../../../Engine/Content/EditorLandscapeResources/DataLayer.uasset" 361
"../../../Engine/Content/EditorMaterials/GizmoMaterial.uasset" 362
"../../../Engine/Content/EditorMaterials/MAT_Groups_Toggle.uasset" 363
"../../../Engine/Content/EditorMaterials/MAT_Groups_Visibility.uasset" 364
"../../../Engine/Content/EditorMaterials/PreviewShadowIndicator.uasset" 365
"../../../Engine/Content/EditorMaterials/PreviewShadowIndicatorMaterial.uasset" 366
"../../../Engine/Content/EditorMaterials/MatineeGroups/MAT_ColorTrack.uasset" 367
"../../../Engine/Content/EditorMaterials/MatineeGroups/MAT_Groups_Anim.uasset" 368
"../../../Engine/Content/EditorMaterials/MatineeGroups/MAT_Groups_AudioMaster.uasset" 369
"../../../Engine/Content/EditorMaterials/MatineeGroups/MAT_Groups_Director.uasset" 370
"../../../Engine/Content/EditorMaterials/MatineeGroups/MAT_Groups_Event.uasset" 371
"../../../Engine/Content/EditorMaterials/MatineeGroups/MAT_Groups_Fade.uasset" 372
"../../../Engine/Content/EditorMaterials/MatineeGroups/MAT_Groups_Float.uasset" 373
"../../../Engine/Content/EditorMaterials/MatineeGroups/MAT_Groups_Move.uasset" 374
"../../../Engine/Content/EditorMaterials/MatineeGroups/MAT_Groups_Slomo.uasset" 375
"../../../Engine/Content/EditorMaterials/MatineeGroups/MAT_Groups_Sound.uasset" 376
"../../../Engine/Content/EditorMaterials/MatineeGroups/MAT_Groups_Vector.uasset" 377
"../../../Engine/Content/EditorMaterials/ParticleSystems/PSysThumbnail_NoImage.uasset" 378
"../../../Engine/Content/EditorMaterials/ParticleSystems/PSysThumbnail_OOD.uasset" 379
"../../../Engine/Content/EditorMaterials/Camera/CineMat.uasset" 380
"../../../Engine/Content/EditorMaterials/Camera/MI_CineMat_Rig.uasset" 381
"../../../Engine/Content/EditorMeshes/Camera/SM_CraneRig_Arm.uasset" 382
"../../../Engine/Content/EditorMeshes/Camera/SM_CraneRig_Base.uasset" 383
"../../../Engine/Content/EditorMeshes/Camera/SM_CraneRig_Body.uasset" 384
"../../../Engine/Content/EditorMeshes/Camera/SM_CraneRig_Mount.uasset" 385
"../../../Engine/Content/EditorMeshes/Camera/SM_RailRig_Mount.uasset" 386
"../../../Engine/Content/EditorMeshes/Camera/SM_RailRig_Track.uasset" 387
"../../../Engine/Content/EditorResources/BSPVertex.uasset" 388
"../../../Engine/Content/EditorResources/EmptyActor.uasset" 389
"../../../Engine/Content/EditorResources/S_Actor.uasset" 390
"../../../Engine/Content/EditorResources/S_Trigger.uasset" 391
"../../../Engine/Content/EditorResources/AudioIcons/S_AudioComponent.uasset" 392
"../../../Engine/Content/EditorResources/AudioIcons/S_AudioComponent_AutoActivate.uasset" 393
"../../../Engine/Content/EditorResources/LightIcons/S_LightError.uasset" 394
"../../../Engine/Content/EditorResources/SequenceRecorder/Countdown.uasset" 395
"../../../Engine/Content/EditorResources/SequenceRecorder/RecordingIndicator.uasset" 396
"../../../Engine/Content/EditorSounds/Notifications/CompileFailed.uasset" 397
"../../../Engine/Content/EditorSounds/Notifications/CompileFailed_Cue.uasset" 398
"../../../Engine/Content/EditorSounds/Notifications/CompileSuccess.uasset" 399
"../../../Engine/Content/EditorSounds/Notifications/CompileStart_Cue.uasset" 400
"../../../Engine/Content/EditorSounds/Notifications/CompileSuccess_Cue.uasset" 401
"../../../Engine/Content/EngineDamageTypes/DmgTypeBP_Environmental.uasset" 402
"../../../Engine/Content/EngineDebugMaterials/HeatmapGradient.uasset" 403
"../../../Engine/Content/EngineDebugMaterials/BoneWeightMaterial.uasset" 404
"../../../Engine/Content/EngineDebugMaterials/ClothMaterial.uasset" 405
"../../../Engine/Content/EngineDebugMaterials/ClothMaterial_WF.uasset" 406
"../../../Engine/Content/EngineDebugMaterials/DebugEditorMaterial.uasset" 407
"../../../Engine/Content/EngineDebugMaterials/DebugMeshMaterial.uasset" 408
"../../../Engine/Content/EngineDebugMaterials/GeomMaterial.uasset" 409
"../../../Engine/Content/EngineFonts/Faces/RobotoBold.uasset" 410
"../../../Engine/Content/EngineFonts/Faces/RobotoBoldItalic.uasset" 411
"../../../Engine/Content/EngineFonts/Faces/RobotoItalic.uasset" 412
"../../../Engine/Content/EngineFonts/Faces/RobotoLight.uasset" 413
"../../../Engine/Content/EngineFonts/Faces/RobotoRegular.uasset" 414
"../../../Engine/Content/EngineFonts/Roboto.uasset" 415
"../../../Engine/Content/EngineFonts/Faces/RobotoTiny.uasset" 416
"../../../Engine/Content/EngineFonts/RobotoTiny.uasset" 417
"../../../Engine/Content/EngineMaterials/DefaultBloomKernel.uasset" 418
"../../../Engine/Content/EngineMaterials/DefaultBokeh.uasset" 419
"../../../Engine/Content/EngineMaterials/DefaultDiffuse.uasset" 420
"../../../Engine/Content/EngineMaterials/DefaultDeferredDecalMaterial.uasset" 421
"../../../Engine/Content/EngineMaterials/DefaultLightFunctionMaterial.uasset" 422
"../../../Engine/Content/Functions/Engine_MaterialFunctions02/Utility/BreakOutFloat2Components.uasset" 423
"../../../Engine/Content/EngineMaterials/DefaultPostProcessMaterial.uasset" 424
"../../../Engine/Content/EngineFonts/RobotoDistanceField.uasset" 425
"../../../Engine/Content/EngineMaterials/DefaultTextMaterialOpaque.uasset" 426
"../../../Engine/Content/EngineMaterials/DefaultWhiteGrid.uasset" 427
"../../../Engine/Content/EngineMaterials/EditorBrushMaterial.uasset" 428
"../../../Engine/Content/EngineMaterials/Good64x64TilingNoiseHighFreq.uasset" 429
"../../../Engine/Content/EngineMaterials/MiniFont.uasset" 430
"../../../Engine/Content/EngineMaterials/InvalidLightmapSettings.uasset" 431
"../../../Engine/Content/EngineMaterials/M_InvalidLightmapSettings.uasset" 432
"../../../Engine/Content/Functions/Engine_MaterialFunctions02/WorldPositionOffset/CameraOffset.uasset" 433
"../../../Engine/Content/EngineMaterials/PhAT_JointLimitMaterial.uasset" 434
"../../../Engine/Content/EngineMaterials/PreintegratedSkinBRDF.uasset" 435
"../../../Engine/Content/EngineMaterials/RemoveSurfaceMaterial.uasset" 436
"../../../Engine/Content/EngineMaterials/WeightMapPlaceholderTexture.uasset" 437
"../../../Engine/Content/EngineResources/WhiteSquareTexture.uasset" 438
"../../../Engine/Content/EngineMaterials/Widget3DPassThrough.uasset" 439
"../../../Engine/Content/EngineMaterials/Widget3DPassThrough_Masked.uasset" 440
"../../../Engine/Content/EngineMaterials/Widget3DPassThrough_Opaque.uasset" 441
"../../../Engine/Content/EngineMaterials/Widget3DPassThrough_Masked_OneSided.uasset" 442
"../../../Engine/Content/EngineMaterials/Widget3DPassThrough_Opaque_OneSided.uasset" 443
"../../../Engine/Content/EngineMaterials/Widget3DPassThrough_Translucent.uasset" 444
"../../../Engine/Content/EngineMaterials/Widget3DPassThrough_Translucent_OneSided.uasset" 445
"../../../Engine/Content/EngineMeshes/Cube.uasset" 446
"../../../Engine/Content/EngineMeshes/Cylinder.uasset" 447
"../../../Engine/Content/EngineMeshes/Sphere.uasset" 448
"../../../Engine/Content/EngineResources/Black.uasset" 449
"../../../Engine/Content/EngineResources/DefaultTexture.uasset" 450
"../../../Engine/Content/EngineResources/DefaultTextureCube.uasset" 451
"../../../Engine/Content/EngineResources/GradientTexture0.uasset" 452
"../../../Engine/Content/EngineSounds/Master.uasset" 453
"../../../Engine/Content/Functions/Engine_MaterialFunctions01/Shading/ConvertFromDiffSpec.uasset" 454
"../../../Engine/Content/Functions/Engine_MaterialFunctions01/Shading/PowerToRoughness.uasset" 455
"../../../Engine/Content/Maps/Templates/Thumbnails/Default.uasset" 456
"../../../Engine/Content/Maps/Templates/Thumbnails/VR-Basic.uasset" 457
"../../../Engine/Content/MobileResources/T_MobileControls_texture.uasset" 458
"../../../Engine/Content/MobileResources/T_MobileMenu2.uasset" 459
"../../../Engine/Content/MobileResources/HUD/AnalogHat.uasset" 460
"../../../Engine/Content/MobileResources/HUD/VirtualJoystick_Background.uasset" 461
"../../../Engine/Content/MobileResources/HUD/VirtualJoystick_Thumb.uasset" 462
"../../../Engine/Content/MobileResources/HUD/DefaultVirtualJoysticks.uasset" 463
"../../../Engine/Content/MobileResources/HUD/LeftVirtualJoystickOnly.uasset" 464
"../../../Engine/Content/MobileResources/HUD/MobileHUDButton1_off.uasset" 465
"../../../Engine/Content/MobileResources/HUD/MobileHUDButton1_on.uasset" 466
"../../../Engine/Content/MobileResources/HUD/MobileHUDButton2_off.uasset" 467
"../../../Engine/Content/MobileResources/HUD/MobileHUDButton2_on.uasset" 468
"../../../Engine/Content/MobileResources/HUD/MobileHUDButton3.uasset" 469
"../../../Engine/Content/MobileResources/HUD/MobileHUDButtonFire.uasset" 470
"../../../Engine/Content/MobileResources/HUD/MobileHUDDirectionPad.uasset" 471
"../../../Engine/Content/MobileResources/HUD/MobileHUDDirectionPad2.uasset" 472
"../../../Engine/Content/MobileResources/HUD/MobileHUDDirectionPad3.uasset" 473
"../../../Engine/Content/MobileResources/HUD/MobileHUDDirectionStick.uasset" 474
"../../../Engine/Content/MobileResources/HUD/T_Castle_ThumbstickInner.uasset" 475
"../../../Engine/Content/MobileResources/HUD/T_Castle_ThumbstickOutter.uasset" 476
"../../../Engine/Content/Tutorial/ContentIntroCurve.uasset" 477
"../../../Engine/Content/Tutorial/Basics/TutorialAssets/icon_tab_Levels_40x.uasset" 478
"../../../Engine/Content/Tutorial/BlueprintTutorials/TutorialAssets/BlueprintInterface_64x.uasset" 479
"../../../Engine/Content/Tutorial/BlueprintTutorials/TutorialAssets/BlueprintMacroLibrary_64x.uasset" 480
"../../../Engine/Content/Tutorial/BlueprintTutorials/TutorialAssets/Blueprint_64x.uasset" 481
"../../../Engine/Content/Tutorial/BlueprintTutorials/TutorialAssets/Tutorial_BP_Interface.uasset" 482
"../../../Engine/Content/Tutorial/Foliage/TutorialAssets/Foliage.uasset" 483
"../../../Engine/Content/Tutorial/Landscape/TutorialAssets/Landscape.uasset" 484
"../../../Engine/Content/Tutorial/Paper2D/TutorialAssets/Paper2DFlipbook_TutorialIcon.uasset" 485
"../../../Engine/Content/Tutorial/Paper2D/TutorialAssets/Paper2DSprite_TutorialIcon.uasset" 486
"../../../Engine/Content/Tutorial/SubEditors/TutorialAssets/icon_Editor_Preferences_General_40x.uasset" 487
"../../../Engine/Content/Tutorial/SubEditors/TutorialAssets/icon_ShowSkeletalMeshes_40x.uasset" 488
"../../../Engine/Content/Tutorial/SubEditors/TutorialAssets/TutorialMaterial.uasset" 489
"../../../Engine/Content/Tutorial/SubEditors/TutorialAssets/T_SmokeSubUV_8X8.uasset" 490
"../../../Engine/Content/Tutorial/SubEditors/TutorialAssets/T_soft_smoke.uasset" 491
"../../../Engine/Content/Tutorial/SubEditors/TutorialAssets/M_smoke_subUV_blackbody.uasset" 492
"../../../Engine/Content/Tutorial/SubEditors/TutorialAssets/TutorialParticleSystem.uasset" 493
"../../../Engine/Content/VREditor/Devices/Generic/GenericHMDMaterial.uasset" 494
"../../../Engine/Content/VREditor/Devices/Generic/GenericHMD.uasset" 495
"../../../Engine/Content/VREditor/FloatingText/LineMaterial.uasset" 496
"../../../Engine/Content/VREditor/FloatingText/JointSphere.uasset" 497
"../../../Engine/Content/VREditor/FloatingText/LineSegmentCylinder.uasset" 498
"../../../Engine/Content/VREditor/Fonts/VRText_RobotoLarge.uasset" 499
"../../../Engine/Content/VREditor/Fonts/VRTextMaterial.uasset" 500
"../../../Engine/Content/VREditor/Fonts/TranslucentVRTextMaterial.uasset" 501
"../../../Engine/Content/VREditor/LaserPointer/CursorPointer.uasset" 502
"../../../Engine/Content/VREditor/LaserPointer/VR_LaserPower_01.uasset" 503
"../../../Engine/Content/VREditor/TransformGizmo/TransformGizmoMaterial.uasset" 504
"../../../Engine/Content/VREditor/LaserPointer/HoverMaterial.uasset" 505
"../../../Engine/Content/VREditor/TransformGizmo/TranslucentTransformGizmoMaterial.uasset" 506
"../../../Engine/Content/VREditor/LaserPointer/TranslucentHoverMaterial.uasset" 507
"../../../Engine/Content/VREditor/LaserPointer/HoverMesh.uasset" 508
"../../../Engine/Content/VREditor/LaserPointer/LaserPointerMaterial.uasset" 509
"../../../Engine/Content/VREditor/LaserPointer/LaserPointerMaterialInst.uasset" 510
"../../../Engine/Content/VREditor/LaserPointer/TranslucentLaserPointerMaterialInst.uasset" 511
"../../../Engine/Content/VREditor/LaserPointer/LaserPointerMesh.uasset" 512
"../../../Engine/Content/VREditor/LaserPointer/LaserPointerMesh_End.uasset" 513
"../../../Engine/Content/VREditor/LaserPointer/LaserPointerMesh_Start.uasset" 514
"../../../Engine/Content/Functions/Engine_MaterialFunctions02/Utility/BreakOutFloat3Components.uasset" 515
"../../../Engine/Content/Functions/Engine_MaterialFunctions02/Math/Transform3x3Matrix.uasset" 516
"../../../Engine/Content/Functions/Engine_MaterialFunctions02/SplitComponents.uasset" 517
"../../../Engine/Content/Functions/Engine_MaterialFunctions02/Utility/MakeFloat3.uasset" 518
"../../../Engine/Content/VREditor/SnapGrid/SnapGridMaterial.uasset" 519
"../../../Engine/Content/VREditor/SnapGrid/SnapGridPlaneMesh.uasset" 520
"../../../Engine/Content/VREditor/Sounds/VR_teleport.uasset" 521
"../../../Engine/Content/VREditor/Sounds/UI/Click_on_Button_Cue.uasset" 522
"../../../Engine/Content/VREditor/Sounds/UI/Dockable_Window_Close.uasset" 523
"../../../Engine/Content/VREditor/Sounds/UI/Dockable_Window_Drop.uasset" 524
"../../../Engine/Content/VREditor/Sounds/UI/Dockable_Window_Open.uasset" 525
"../../../Engine/Content/VREditor/Sounds/UI/Dockable_Window_Pick_Up.uasset" 526
"../../../Engine/Content/VREditor/Sounds/UI/Drop_Item_From_ContentBrowser.uasset" 527
"../../../Engine/Content/VREditor/Sounds/UI/Floating_UI_Open-001.uasset" 528
"../../../Engine/Content/VREditor/Sounds/UI/Gizmo_Handle_Clicked.uasset" 529
"../../../Engine/Content/VREditor/Sounds/UI/Object_PickUp.uasset" 530
"../../../Engine/Content/VREditor/Sounds/UI/Object_Snaps_To_Another_Actor.uasset" 531
"../../../Engine/Content/VREditor/Sounds/UI/Object_Snaps_To_Grid.uasset" 532
"../../../Engine/Content/VREditor/Sounds/UI/Radial_Menu_FadeOut.uasset" 533
"../../../Engine/Content/VREditor/Sounds/UI/Scaling_Down.uasset" 534
"../../../Engine/Content/VREditor/Sounds/UI/Scaling_Up.uasset" 535
"../../../Engine/Content/VREditor/Sounds/UI/Selection_Changes.uasset" 536
"../../../Engine/Content/VREditor/Sounds/UI/Teleport_Mode_Entered.uasset" 537
"../../../Engine/Content/VREditor/Teleport/TeleportDirectionMaterial.uasset" 538
"../../../Engine/Content/VREditor/Teleport/TeleportDirectionMaterial_Inst.uasset" 539
"../../../Engine/Content/VREditor/Teleport/TeleportDirectionMesh.uasset" 540
"../../../Engine/Content/VREditor/TransformGizmo/BoundingBoxCorner.uasset" 541
"../../../Engine/Content/VREditor/TransformGizmo/BoundingBoxEdge.uasset" 542
"../../../Engine/Content/VREditor/TransformGizmo/PlaneTranslationHandle.uasset" 543
"../../../Engine/Content/VREditor/TransformGizmo/RotationHandleFull.uasset" 544
"../../../Engine/Content/VREditor/TransformGizmo/RotationHandleIndicator.uasset" 545
"../../../Engine/Content/VREditor/TransformGizmo/RotationHandleQuarter.uasset" 546
"../../../Engine/Content/VREditor/TransformGizmo/Main.uasset" 547
"../../../Engine/Content/VREditor/TransformGizmo/Xray.uasset" 548
"../../../Engine/Content/VREditor/TransformGizmo/SM_Dialog_Close.uasset" 549
"../../../Engine/Content/VREditor/TransformGizmo/SM_Dialog_Move.uasset" 550
"../../../Engine/Content/VREditor/TransformGizmo/SM_Sequencer_Key.uasset" 551
"../../../Engine/Content/VREditor/TransformGizmo/SM_Sequencer_Node.uasset" 552
"../../../Engine/Content/VREditor/TransformGizmo/StartRotationHandleIndicator.uasset" 553
"../../../Engine/Content/VREditor/TransformGizmo/TranslucentTransformGizmoMaterial_Inst.uasset" 554
"../../../Engine/Content/VREditor/TransformGizmo/TransformGizmoFreeRotation.uasset" 555
"../../../Engine/Content/VREditor/TransformGizmo/TransformGizmoMaterial_Inst.uasset" 556
"../../../Engine/Content/VREditor/TransformGizmo/TranslateArrowHandle.uasset" 557
"../../../Engine/Content/VREditor/TransformGizmo/UniformScaleHandle.uasset" 558
"../../../Engine/Content/VREditor/UI/KeyDiskMaterial.uasset" 559
"../../../Engine/Content/VREditor/UI/DiscMaterial.uasset" 560
"../../../Engine/Content/VREditor/UI/SM_Radial_Disk.uasset" 561
"../../../Engine/Content/VREditor/WorldMovementGrid/SimpleGrid.uasset" 562
"../../../Engine/Content/VREditor/WorldMovementGrid/GridMaterial.uasset" 563
"../../../Engine/Content/Functions/Engine_MaterialFunctions01/Density/ExponentialDensity.uasset" 564
"../../../Engine/Content/VREditor/WorldMovementGrid/GridPostProcess.uasset" 565
"../../../Engine/Content/EditorLandscapeResources/FlattenHeightMat.uasset" 566
"../../../Engine/Content/VREditor/WorldMovementGrid/PlaneMesh.uasset" 567
"../../../Engine/Plugins/2D/Paper2D/Content/PlaceholderTextures/DummySpriteTexture.uasset" 568
"../../../Engine/Plugins/2D/Paper2D/Content/DummySprite.uasset" 569
"../../../Engine/Plugins/2D/Paper2D/Content/DefaultPaperTerrainMaterial.uasset" 570
"../../../Engine/Plugins/2D/Paper2D/Content/DefaultSpriteMaterial.uasset" 571
"../../../Engine/Plugins/2D/Paper2D/Content/MaskedUnlitSpriteMaterial.uasset" 572
"../../../Engine/Plugins/2D/Paper2D/Content/OpaqueUnlitSpriteMaterial.uasset" 573
"../../../Engine/Plugins/Media/MediaCompositing/Content/DefaultMediaPlaneMaterial.uasset" 574
"../../../Engine/Content/Functions/Engine_MaterialFunctions02/Utility/MakeFloat4.uasset" 575
"../../../Engine/Plugins/Runtime/AppleARKit/Content/ARKitCameraMaterial.uasset" 576
"../../../Engine/Plugins/Runtime/Oculus/OculusVR/Content/Textures/GearVRController_AO.uasset" 577
"../../../Engine/Plugins/Runtime/Oculus/OculusVR/Content/Textures/GearVRController_Color.uasset" 578
"../../../Engine/Plugins/Runtime/Oculus/OculusVR/Content/Textures/GearVRController_Normal.uasset" 579
"../../../Engine/Plugins/Runtime/Oculus/OculusVR/Content/Materials/GearVRControllerMaterial.uasset" 580
"../../../Engine/Plugins/Runtime/Oculus/OculusVR/Content/Meshes/GearVrController.uasset" 581
"../../../Igra/Content/StarterContent/Blueprints/Assets/FogBrightnessLUT.uasset" 582
"../../../Igra/Content/StarterContent/Blueprints/Assets/SunlightColorLUT.uasset" 583
"../../../Igra/Content/StarterContent/Blueprints/Assets/M_LightStage_Arrows.uasset" 584
"../../../Engine/Content/MapTemplates/Sky/DaylightAmbientCubemap.uasset" 585
"../../../Igra/Content/StarterContent/Blueprints/Assets/M_LightStage_Skybox_Master.uasset" 586
"../../../Igra/Content/StarterContent/Blueprints/Assets/M_LightStage_Skybox_Black.uasset" 587
"../../../Igra/Content/StarterContent/Blueprints/Assets/M_LightStage_Skybox_HDRI.uasset" 588
"../../../Engine/Content/EditorMaterials/Thumbnails/SkySphereMaterial.uasset" 589
"../../../Igra/Content/StarterContent/Blueprints/Assets/Skybox.uasset" 590
"../../../Igra/Content/StarterContent/Blueprints/Assets/SM_Arrows.uasset" 591
"../../../Igra/Content/StarterContent/HDRI/HDRI_Epic_Courtyard_Daylight.uasset" 592
"../../../Igra/Content/StarterContent/Blueprints/BP_LightStudio.uasset" 593
"../../../Igra/Content/StarterContent/Maps/Advanced_Lighting_BuiltData.uasset" 594
"../../../Igra/Content/StarterContent/Materials/M_AssetPlatform.uasset" 595
"../../../Engine/Content/EditorMeshes/ColorCalibrator/M_ChromeBall.uasset" 596
"../../../Engine/Content/EditorMeshes/ColorCalibrator/M_ClearCoat.uasset" 597
"../../../Engine/Content/EditorMeshes/ColorCalibrator/M_ClearCoatBlack.uasset" 598
"../../../Engine/Content/EditorMeshes/ColorCalibrator/Color_checker.uasset" 599
"../../../Engine/Content/EditorMeshes/ColorCalibrator/M_ColorGrid.uasset" 600
"../../../Engine/Content/EditorMeshes/ColorCalibrator/M_GreyBall.uasset" 601
"../../../Engine/Content/EditorMeshes/ColorCalibrator/SM_ColorCalibrator.uasset" 602
"../../../Igra/Content/StarterContent/Architecture/SM_AssetPlatform.uasset" 603
"../../../Igra/Content/StarterContent/Maps/Advanced_Lighting.umap" 604
"../../../Engine/Content/EngineSky/C_Sky_Cloud_Color.uasset" 605
"../../../Engine/Content/EngineSky/C_Sky_Horizon_Color.uasset" 606
"../../../Engine/Content/EngineSky/C_Sky_Zenith_Color.uasset" 607
"../../../Engine/Content/EngineSky/T_Sky_Blue.uasset" 608
"../../../Engine/Content/EngineSky/T_Sky_Clouds_M.uasset" 609
"../../../Engine/Content/EngineSky/T_Sky_Stars.uasset" 610
"../../../Engine/Content/EngineSky/M_Sky_Panning_Clouds2.uasset" 611
"../../../Engine/Content/EngineSky/SM_SkySphere.uasset" 612
"../../../Engine/Content/EngineSky/BP_Sky_Sphere.uasset" 613
"../../../Igra/Content/Blueprints/IsMPressed.uasset" 614
"../../../Igra/Content/Character/Gibonni/Material_001.uasset" 615
"../../../Igra/Content/Character/Gibonni/Material_002.uasset" 616
"../../../Igra/Content/Character/Gibonni/Shield_Physics.uasset" 617
"../../../Igra/Content/Character/Gibonni/Shield_Skeleton.uasset" 618
"../../../Igra/Content/Character/Gibonni/Shield.uasset" 619
"../../../Igra/Content/Character/Gibonni/Shieldv2.uasset" 620
"../../../Igra/Content/StarterContent/Maps/DemoArena_BuiltData.uasset" 621
"../../../Igra/Content/Environments/CityAssets/Terrain/FloorTilesAA.uasset" 622
"../../../Igra/Content/Environments/CityAssets/Terrain/FloorTilesNormal.uasset" 623
"../../../Igra/Content/Environments/CityAssets/Terrain/TiledFloorMaterial.uasset" 624
"../../../Igra/Content/Character/NobuoUpdated/CellShade.uasset" 625
"../../../Igra/Content/Character/NobuoUpdated/CellShade_Inst.uasset" 626
"../../../Engine/Content/EngineMaterials/DefaultPhysicalMaterial.uasset" 627
"../../../Igra/Content/Character/Gof/Material_001.uasset" 628
"../../../Igra/Content/Character/Gof/Gof.uasset" 629
"../../../Igra/Content/Environments/CityAssets/CartTexture.uasset" 630
"../../../Igra/Content/Environments/CityAssets/CartMaterial.uasset" 631
"../../../Igra/Content/Environments/CityAssets/Cart.uasset" 632
"../../../Igra/Content/Environments/CityAssets/HouseBlocks/Material.uasset" 633
"../../../Igra/Content/Environments/CityAssets/HouseBlocks/CaffeBase1.uasset" 634
"../../../Igra/Content/Environments/CityAssets/HouseBlocks/CaffeBase2.uasset" 635
"../../../Igra/Content/Environments/CityAssets/HouseBlocks/CaffeFloor1.uasset" 636
"../../../Igra/Content/Environments/CityAssets/HouseBlocks/CaffeFloor2.uasset" 637
"../../../Igra/Content/Environments/CityAssets/HouseBlocks/CaffeFloor3.uasset" 638
"../../../Igra/Content/Environments/CityAssets/HouseBlocks/CaffeFloor4.uasset" 639
"../../../Igra/Content/Environments/CityAssets/HouseBlocks/CaffeFloor5.uasset" 640
"../../../Igra/Content/Environments/CityAssets/JunkAssets/BarrelNormal.uasset" 641
"../../../Igra/Content/Environments/CityAssets/JunkAssets/BarrelTexture.uasset" 642
"../../../Igra/Content/Environments/CityAssets/JunkAssets/Material.uasset" 643
"../../../Igra/Content/Environments/CityAssets/JunkAssets/Barrel.uasset" 644
"../../../Igra/Content/Environments/CityAssets/Material_001.uasset" 645
"../../../Igra/Content/Environments/CityAssets/TradeCart.uasset" 646
"../../../Igra/Content/Environments/EasterEggs/Material_001.uasset" 647
"../../../Igra/Content/Environments/EasterEggs/Styracosaurus.uasset" 648
"../../../Igra/Content/Sounds/Background_Music/BG_Music2.uasset" 649
"../../../Igra/Content/Sounds/Background_Music/BG_Music2_Cue.uasset" 650
"../../../Igra/Content/Sounds/EasterEgg/Styracosaurus_Sound_Effects.uasset" 651
"../../../Igra/Content/Sounds/EasterEgg/Styracosaurus_Sound_Effects_Cue.uasset" 652
"../../../Igra/Content/Sounds/Level_Effects/SpawnSound.uasset" 653
"../../../Igra/Content/Sounds/Level_Effects/SpawnSound_Cue.uasset" 654
"../../../Igra/Content/StarterContent/Maps/DemoArena.umap" 655
"../../../Igra/Content/StarterContent/Maps/Minimal_Default_BuiltData.uasset" 656
"../../../Igra/Content/StarterContent/Textures/T_MacroVariation.uasset" 657
"../../../Igra/Content/StarterContent/Materials/M_Metal_Brushed_Nickel.uasset" 658
"../../../Igra/Content/StarterContent/Textures/T_Metal_Aluminum_D.uasset" 659
"../../../Igra/Content/StarterContent/Textures/T_Metal_Gold_N.uasset" 660
"../../../Igra/Content/StarterContent/Materials/M_Metal_Burnished_Steel.uasset" 661
"../../../Igra/Content/StarterContent/Textures/T_Metal_Copper_D.uasset" 662
"../../../Igra/Content/StarterContent/Materials/M_Metal_Copper.uasset" 663
"../../../Igra/Content/StarterContent/Textures/T_Statue_M.uasset" 664
"../../../Igra/Content/StarterContent/Textures/T_Statue_N.uasset" 665
"../../../Igra/Content/StarterContent/Props/Materials/M_StatueGlass.uasset" 666
"../../../Igra/Content/StarterContent/Architecture/Floor_400x400.uasset" 667
"../../../Igra/Content/StarterContent/Audio/Starter_Background_Cue.uasset" 668
"../../../Igra/Content/StarterContent/Props/SM_Chair.uasset" 669
"../../../Igra/Content/StarterContent/Props/Materials/M_Statue.uasset" 670
"../../../Igra/Content/StarterContent/Props/SM_Statue.uasset" 671
"../../../Igra/Content/StarterContent/Textures/T_TableRound_M.uasset" 672
"../../../Igra/Content/StarterContent/Textures/T_TableRound_N.uasset" 673
"../../../Igra/Content/StarterContent/Props/Materials/M_TableRound.uasset" 674
"../../../Igra/Content/StarterContent/Props/SM_TableRound.uasset" 675
"../../../Igra/Content/StarterContent/Maps/Minimal_Default.umap" 676
"../../../Igra/Content/Character/BasicAI.uasset" 677
"../../../Igra/Content/Character/showtext.uasset" 678
"../../../Igra/Content/Character/showTextFont.uasset" 679
"../../../Igra/Content/Blueprints/DialogueWidget.uasset" 680
"../../../Igra/Content/Blueprints/MainHUD.uasset" 681
"../../../Igra/Content/Blueprints/KeybindSaveGame.uasset" 682
"../../../Igra/Content/Blueprints/NewGameInstance.uasset" 683
"../../../Igra/Content/Blueprints/KeybindButton.uasset" 684
"../../../Igra/Content/Blueprints/1280x720.uasset" 685
"../../../Igra/Content/Blueprints/1920x1080.uasset" 686
"../../../Igra/Content/Blueprints/20543160_10208391808147343_1931785866_o.uasset" 687
"../../../Igra/Content/Blueprints/640x480.uasset" 688
"../../../Igra/Content/Blueprints/Main_menu.uasset" 689
"../../../Igra/Content/Buttons/Continue.uasset" 690
"../../../Igra/Content/Buttons/ContinuePressed.uasset" 691
"../../../Igra/Content/Buttons/Controls.uasset" 692
"../../../Igra/Content/Buttons/ControlsPressed.uasset" 693
"../../../Igra/Content/Buttons/MainMenu.uasset" 694
"../../../Igra/Content/Buttons/MainMenuPressed.uasset" 695
"../../../Igra/Content/Buttons/Quit.uasset" 696
"../../../Igra/Content/Buttons/QuitPressed.uasset" 697
"../../../Igra/Content/Buttons/Resolution.uasset" 698
"../../../Igra/Content/Buttons/ResolutionPressed.uasset" 699
"../../../Igra/Content/Buttons/Settings.uasset" 700
"../../../Igra/Content/Buttons/SettingsPressed.uasset" 701
"../../../Igra/Content/Sounds/CursorClick/cursor_style_2.uasset" 702
"../../../Igra/Content/Sounds/CursorClick/CursorCue.uasset" 703
"../../../Igra/Content/Blueprints/MainMenuWidget.uasset" 704
"../../../Igra/Content/Poker/CardImages/10_of_clubs.uasset" 705
"../../../Igra/Content/Poker/CardImages/10_of_diamonds.uasset" 706
"../../../Igra/Content/Poker/CardImages/10_of_hearts.uasset" 707
"../../../Igra/Content/Poker/CardImages/10_of_spades.uasset" 708
"../../../Igra/Content/Poker/CardImages/2_of_clubs.uasset" 709
"../../../Igra/Content/Poker/CardImages/2_of_diamonds.uasset" 710
"../../../Igra/Content/Poker/CardImages/2_of_hearts.uasset" 711
"../../../Igra/Content/Poker/CardImages/2_of_spades.uasset" 712
"../../../Igra/Content/Poker/CardImages/3_of_clubs.uasset" 713
"../../../Igra/Content/Poker/CardImages/3_of_diamonds.uasset" 714
"../../../Igra/Content/Poker/CardImages/3_of_hearts.uasset" 715
"../../../Igra/Content/Poker/CardImages/3_of_spades.uasset" 716
"../../../Igra/Content/Poker/CardImages/4_of_clubs.uasset" 717
"../../../Igra/Content/Poker/CardImages/4_of_diamonds.uasset" 718
"../../../Igra/Content/Poker/CardImages/4_of_hearts.uasset" 719
"../../../Igra/Content/Poker/CardImages/4_of_spades.uasset" 720
"../../../Igra/Content/Poker/CardImages/5_of_clubs.uasset" 721
"../../../Igra/Content/Poker/CardImages/5_of_diamonds.uasset" 722
"../../../Igra/Content/Poker/CardImages/5_of_hearts.uasset" 723
"../../../Igra/Content/Poker/CardImages/5_of_spades.uasset" 724
"../../../Igra/Content/Poker/CardImages/6_of_clubs.uasset" 725
"../../../Igra/Content/Poker/CardImages/6_of_diamonds.uasset" 726
"../../../Igra/Content/Poker/CardImages/6_of_hearts.uasset" 727
"../../../Igra/Content/Poker/CardImages/6_of_spades.uasset" 728
"../../../Igra/Content/Poker/CardImages/7_of_clubs.uasset" 729
"../../../Igra/Content/Poker/CardImages/7_of_diamonds.uasset" 730
"../../../Igra/Content/Poker/CardImages/7_of_hearts.uasset" 731
"../../../Igra/Content/Poker/CardImages/7_of_spades.uasset" 732
"../../../Igra/Content/Poker/CardImages/8_of_clubs.uasset" 733
"../../../Igra/Content/Poker/CardImages/8_of_diamonds.uasset" 734
"../../../Igra/Content/Poker/CardImages/8_of_hearts.uasset" 735
"../../../Igra/Content/Poker/CardImages/8_of_spades.uasset" 736
"../../../Igra/Content/Poker/CardImages/9_of_clubs.uasset" 737
"../../../Igra/Content/Poker/CardImages/9_of_diamonds.uasset" 738
"../../../Igra/Content/Poker/CardImages/9_of_hearts.uasset" 739
"../../../Igra/Content/Poker/CardImages/9_of_spades.uasset" 740
"../../../Igra/Content/Poker/CardImages/ace_of_clubs.uasset" 741
"../../../Igra/Content/Poker/CardImages/ace_of_diamonds.uasset" 742
"../../../Igra/Content/Poker/CardImages/ace_of_hearts.uasset" 743
"../../../Igra/Content/Poker/CardImages/ace_of_spades.uasset" 744
"../../../Igra/Content/Poker/CardImages/CardBack.uasset" 745
"../../../Igra/Content/Poker/CardImages/jack_of_clubs.uasset" 746
"../../../Igra/Content/Poker/CardImages/jack_of_diamonds.uasset" 747
"../../../Igra/Content/Poker/CardImages/jack_of_hearts.uasset" 748
"../../../Igra/Content/Poker/CardImages/jack_of_spades.uasset" 749
"../../../Igra/Content/Poker/CardImages/king_of_clubs.uasset" 750
"../../../Igra/Content/Poker/CardImages/king_of_diamonds.uasset" 751
"../../../Igra/Content/Poker/CardImages/king_of_hearts.uasset" 752
"../../../Igra/Content/Poker/CardImages/king_of_spades.uasset" 753
"../../../Igra/Content/Poker/CardImages/queen_of_clubs.uasset" 754
"../../../Igra/Content/Poker/CardImages/queen_of_diamonds.uasset" 755
"../../../Igra/Content/Poker/CardImages/queen_of_hearts.uasset" 756
"../../../Igra/Content/Poker/CardImages/queen_of_spades.uasset" 757
"../../../Igra/Content/Poker/PokerWidget.uasset" 758
"../../../Igra/Content/Blueprints/MyHUD.uasset" 759
"../../../Igra/Content/Character/myController.uasset" 760
"../../../Igra/Content/Character/MyGame.uasset" 761
"../../../Engine/Content/Functions/Engine_MaterialFunctions01/WorldPositionOffset/SimpleGrassWind.uasset" 762
"../../../Igra/Content/Environments/MyFoliage/Grass_0.uasset" 763
"../../../Igra/Content/Environments/MyFoliage/Material_001.uasset" 764
"../../../Igra/Content/Environments/MyFoliage/Grass.uasset" 765
"../../../Igra/Content/Environments/MyFoliage/TestGrass.uasset" 766
"../../../Engine/Content/BasicShapes/BasicShapeMaterial.uasset" 767
"../../../Engine/Content/BasicShapes/Cube.uasset" 768
"../../../Igra/Content/Character/Enemy/EnemyTexture.uasset" 769
"../../../Igra/Content/Character/Enemy/EnemyMaterial.uasset" 770
"../../../Igra/Content/Character/Enemy/Enemy.uasset" 771
"../../../Igra/Content/Character/Nobuo/NobuoSwordTexture.uasset" 772
"../../../Igra/Content/Character/Nobuo/SwordMaterial.uasset" 773
"../../../Igra/Content/Character/Nobuo/NobuoSword.uasset" 774
"../../../Igra/Content/Poker_Table/PokerTableTexture.uasset" 775
"../../../Igra/Content/StarterContent/Textures/T_Wood_Oak_N.uasset" 776
"../../../Igra/Content/Poker_Table/PokerTableMaterial.uasset" 777
"../../../Igra/Content/Poker_Table/PokerTable.uasset" 778
"../../../Igra/Content/StarterContent/Architecture/Wall_400x200.uasset" 779
"../../../Igra/Content/StarterContent/Architecture/Wall_400x400.uasset" 780
"../../../Igra/Content/StarterContent/Maps/MyMinimal_Default.umap" 781
"../../../Igra/Content/StarterContent/Audio/Fire01_Cue.uasset" 782
"../../../Igra/Content/StarterContent/Textures/T_Fire_SubUV.uasset" 783
"../../../Igra/Content/StarterContent/Textures/T_Fire_Tiled_D.uasset" 784
"../../../Igra/Content/StarterContent/Particles/Materials/M_Fire_SubUV.uasset" 785
"../../../Igra/Content/StarterContent/Textures/T_Water_N.uasset" 786
"../../../Igra/Content/StarterContent/Particles/Materials/M_Heat_Distortion.uasset" 787
"../../../Igra/Content/StarterContent/Particles/Materials/M_Radial_Gradient.uasset" 788
"../../../Igra/Content/StarterContent/Particles/P_Fire.uasset" 789
"../../../Igra/Content/StarterContent/Blueprints/Blueprint_Effect_Fire.uasset" 790
"../../../Igra/Content/StarterContent/Audio/Smoke01_Cue.uasset" 791
"../../../Igra/Content/StarterContent/Particles/P_Smoke.uasset" 792
"../../../Igra/Content/StarterContent/Blueprints/Blueprint_Effect_Smoke.uasset" 793
"../../../Igra/Content/StarterContent/Audio/Fire_Sparks01_Cue.uasset" 794
"../../../Igra/Content/StarterContent/Textures/T_Spark_Core.uasset" 795
"../../../Igra/Content/StarterContent/Particles/Materials/M_Spark.uasset" 796
"../../../Igra/Content/StarterContent/Particles/P_Sparks.uasset" 797
"../../../Igra/Content/StarterContent/Blueprints/Blueprint_Effect_Sparks.uasset" 798
"../../../Igra/Content/StarterContent/Audio/Steam01_Cue.uasset" 799
"../../../Igra/Content/StarterContent/Particles/P_Steam_Lit.uasset" 800
"../../../Igra/Content/StarterContent/Blueprints/Blueprint_Effect_Steam.uasset" 801
"../../../Igra/Content/StarterContent/Textures/T_Lamp_M.uasset" 802
"../../../Igra/Content/StarterContent/Textures/T_Lamp_N.uasset" 803
"../../../Igra/Content/StarterContent/Props/Materials/M_Lamp.uasset" 804
"../../../Igra/Content/StarterContent/Props/SM_Lamp_Ceiling.uasset" 805
"../../../Igra/Content/StarterContent/Blueprints/Blueprint_CeilingLight.uasset" 806
"../../../Igra/Content/StarterContent/Props/SM_Lamp_Wall.uasset" 807
"../../../Igra/Content/StarterContent/Blueprints/Blueprint_WallSconce.uasset" 808
"../../../Igra/Content/StarterContent/Maps/StarterMap_BuiltData.uasset" 809
"../../../Engine/Content/Functions/Engine_MaterialFunctions03/Procedurals/ComputeFilterWidth.uasset" 810
"../../../Engine/Content/EngineMaterials/AntiAliasedTextMaterialTranslucent.uasset" 811
"../../../Igra/Content/StarterContent/Textures/T_Brick_Clay_Beveled_D.uasset" 812
"../../../Igra/Content/StarterContent/Textures/T_Brick_Clay_Beveled_M.uasset" 813
"../../../Igra/Content/StarterContent/Textures/T_Brick_Clay_Beveled_N.uasset" 814
"../../../Igra/Content/StarterContent/Materials/M_Brick_Clay_Beveled.uasset" 815
"../../../Igra/Content/StarterContent/Textures/T_Brick_Clay_New_D.uasset" 816
"../../../Igra/Content/StarterContent/Textures/T_Brick_Clay_New_M.uasset" 817
"../../../Igra/Content/StarterContent/Textures/T_Brick_Clay_New_N.uasset" 818
"../../../Igra/Content/StarterContent/Materials/M_Brick_Clay_New.uasset" 819
"../../../Igra/Content/StarterContent/Textures/T_Brick_Clay_Old_D.uasset" 820
"../../../Igra/Content/StarterContent/Textures/T_Brick_Clay_Old_N.uasset" 821
"../../../Igra/Content/StarterContent/Textures/T_Perlin_Noise_M.uasset" 822
"../../../Igra/Content/StarterContent/Materials/M_Brick_Clay_Old.uasset" 823
"../../../Igra/Content/StarterContent/Textures/T_Brick_Cut_Stone_D.uasset" 824
"../../../Igra/Content/StarterContent/Textures/T_Brick_Cut_Stone_N.uasset" 825
"../../../Igra/Content/StarterContent/Materials/M_Brick_Cut_Stone.uasset" 826
"../../../Igra/Content/StarterContent/Textures/T_Brick_Hewn_Stone_D.uasset" 827
"../../../Igra/Content/StarterContent/Textures/T_Brick_Hewn_Stone_M.uasset" 828
"../../../Igra/Content/StarterContent/Textures/T_Brick_Hewn_Stone_N.uasset" 829
"../../../Igra/Content/StarterContent/Materials/M_Brick_Hewn_Stone.uasset" 830
"../../../Igra/Content/StarterContent/Textures/T_Ceramic_Tile_M.uasset" 831
"../../../Igra/Content/StarterContent/Textures/T_Ceramic_Tile_N.uasset" 832
"../../../Igra/Content/StarterContent/Textures/T_Rock_Marble_Polished_D.uasset" 833
"../../../Igra/Content/StarterContent/Materials/M_Ceramic_Tile_Checker.uasset" 834
"../../../Igra/Content/StarterContent/Textures/T_CobbleStone_Pebble_D.uasset" 835
"../../../Igra/Content/StarterContent/Textures/T_CobbleStone_Pebble_M.uasset" 836
"../../../Igra/Content/StarterContent/Textures/T_CobbleStone_Pebble_N.uasset" 837
"../../../Igra/Content/StarterContent/Materials/M_CobbleStone_Pebble.uasset" 838
"../../../Igra/Content/StarterContent/Textures/T_CobbleStone_Rough_D.uasset" 839
"../../../Igra/Content/StarterContent/Textures/T_CobbleStone_Rough_N.uasset" 840
"../../../Igra/Content/StarterContent/Textures/T_Gradinet_01.uasset" 841
"../../../Igra/Content/StarterContent/Textures/T_Rock_Smooth_Granite_D.uasset" 842
"../../../Igra/Content/StarterContent/Materials/M_CobbleStone_Rough.uasset" 843
"../../../Igra/Content/StarterContent/Textures/T_CobbleStone_Smooth_D.uasset" 844
"../../../Igra/Content/StarterContent/Textures/T_CobbleStone_Smooth_M.uasset" 845
"../../../Igra/Content/StarterContent/Textures/T_CobbleStone_Smooth_N.uasset" 846
"../../../Igra/Content/StarterContent/Materials/M_CobbleStone_Smooth.uasset" 847
"../../../Igra/Content/StarterContent/Textures/T_Concrete_Grime_D.uasset" 848
"../../../Igra/Content/StarterContent/Textures/T_Metal_Rust_N.uasset" 849
"../../../Igra/Content/StarterContent/Materials/M_Concrete_Grime.uasset" 850
"../../../Igra/Content/StarterContent/Textures/T_Concrete_Panels_D.uasset" 851
"../../../Igra/Content/StarterContent/Textures/T_Concrete_Panels_N.uasset" 852
"../../../Igra/Content/StarterContent/Materials/M_Concrete_Panels.uasset" 853
"../../../Igra/Content/StarterContent/Textures/T_Concrete_Poured_D.uasset" 854
"../../../Igra/Content/StarterContent/Textures/T_Concrete_Poured_N.uasset" 855
"../../../Igra/Content/StarterContent/Materials/M_Concrete_Poured.uasset" 856
"../../../Igra/Content/StarterContent/Textures/T_Concrete_Tiles_D.uasset" 857
"../../../Igra/Content/StarterContent/Textures/T_Concrete_Tiles_M.uasset" 858
"../../../Igra/Content/StarterContent/Textures/T_Concrete_Tiles_N.uasset" 859
"../../../Igra/Content/StarterContent/Textures/T_Concrete_Tiles_Variation_M.uasset" 860
"../../../Igra/Content/StarterContent/Materials/M_Concrete_Tiles.uasset" 861
"../../../Igra/Content/StarterContent/Textures/T_Ground_Grass_D.uasset" 862
"../../../Igra/Content/StarterContent/Textures/T_Ground_Grass_N.uasset" 863
"../../../Igra/Content/StarterContent/Materials/M_Ground_Grass.uasset" 864
"../../../Igra/Content/StarterContent/Textures/T_Ground_Gravel_D.uasset" 865
"../../../Igra/Content/StarterContent/Textures/T_Ground_Gravel_N.uasset" 866
"../../../Igra/Content/StarterContent/Materials/M_Ground_Gravel.uasset" 867
"../../../Igra/Content/StarterContent/Textures/T_ground_Moss_D.uasset" 868
"../../../Igra/Content/StarterContent/Textures/T_Ground_Moss_N.uasset" 869
"../../../Igra/Content/StarterContent/Materials/M_Ground_Moss.uasset" 870
"../../../Igra/Content/StarterContent/Materials/M_Metal_Chrome.uasset" 871
"../../../Igra/Content/StarterContent/Textures/T_Metal_Gold_D.uasset" 872
"../../../Igra/Content/StarterContent/Materials/M_Metal_Gold.uasset" 873
"../../../Igra/Content/StarterContent/Textures/T_Metal_Rust_D.uasset" 874
"../../../Igra/Content/StarterContent/Materials/M_Metal_Rust.uasset" 875
"../../../Igra/Content/StarterContent/Textures/T_Metal_Steel_D.uasset" 876
"../../../Igra/Content/StarterContent/Textures/T_Metal_Steel_N.uasset" 877
"../../../Igra/Content/StarterContent/Materials/M_Metal_Steel.uasset" 878
"../../../Igra/Content/StarterContent/Textures/T_Rock_Basalt_N.uasset" 879
"../../../Igra/Content/StarterContent/Materials/M_Rock_Basalt.uasset" 880
"../../../Igra/Content/StarterContent/Materials/M_Rock_Marble_Polished.uasset" 881
"../../../Igra/Content/StarterContent/Textures/T_Rock_Sandstone_D.uasset" 882
"../../../Igra/Content/StarterContent/Textures/T_Rock_Sandstone_N.uasset" 883
"../../../Igra/Content/StarterContent/Materials/M_Rock_Sandstone.uasset" 884
"../../../Igra/Content/StarterContent/Textures/T_Rock_Slate_D.uasset" 885
"../../../Igra/Content/StarterContent/Textures/T_Rock_Slate_N.uasset" 886
"../../../Igra/Content/StarterContent/Materials/M_Rock_Slate.uasset" 887
"../../../Igra/Content/StarterContent/Textures/T_Checker_Noise_M.uasset" 888
"../../../Igra/Content/StarterContent/Textures/T_Single_Tile_N.uasset" 889
"../../../Igra/Content/StarterContent/Textures/T_Tech_Dot_M.uasset" 890
"../../../Igra/Content/StarterContent/Textures/T_Tech_Dot_N.uasset" 891
"../../../Igra/Content/StarterContent/Materials/M_Tech_Checker_Dot.uasset" 892
"../../../Igra/Content/StarterContent/Textures/T_Tech_Hex_Tile_M.uasset" 893
"../../../Igra/Content/StarterContent/Textures/T_Tech_Hex_Tile_N.uasset" 894
"../../../Igra/Content/StarterContent/Materials/M_Tech_Hex_Tile.uasset" 895
"../../../Igra/Content/StarterContent/Materials/M_Tech_Hex_Tile_Pulse.uasset" 896
"../../../Igra/Content/StarterContent/Textures/T_Tech_Panel_M.uasset" 897
"../../../Igra/Content/StarterContent/Textures/T_Tech_Panel_N.uasset" 898
"../../../Igra/Content/StarterContent/Materials/M_Tech_Panel.uasset" 899
"../../../Igra/Content/StarterContent/Materials/M_Water_Lake.uasset" 900
"../../../Igra/Content/StarterContent/Textures/T_Water_M.uasset" 901
"../../../Igra/Content/StarterContent/Materials/M_Water_Ocean.uasset" 902
"../../../Igra/Content/StarterContent/Textures/T_Wood_Floor_Walnut_D.uasset" 903
"../../../Igra/Content/StarterContent/Textures/T_Wood_Floor_Walnut_M.uasset" 904
"../../../Igra/Content/StarterContent/Textures/T_Wood_Floor_Walnut_N.uasset" 905
"../../../Igra/Content/StarterContent/Materials/M_Wood_Floor_Walnut_Polished.uasset" 906
"../../../Engine/Content/Functions/Engine_MaterialFunctions01/Opacity/AlphaOffset.uasset" 907
"../../../Igra/Content/StarterContent/Materials/M_Wood_Floor_Walnut_Worn.uasset" 908
"../../../Igra/Content/StarterContent/Textures/T_Wood_Oak_D.uasset" 909
"../../../Igra/Content/StarterContent/Materials/M_Wood_Oak.uasset" 910
"../../../Igra/Content/StarterContent/Textures/T_Wood_Pine_D.uasset" 911
"../../../Igra/Content/StarterContent/Textures/T_Wood_Pine_N.uasset" 912
"../../../Igra/Content/StarterContent/Materials/M_Wood_Pine.uasset" 913
"../../../Igra/Content/StarterContent/Textures/T_Wood_Walnut_D.uasset" 914
"../../../Igra/Content/StarterContent/Textures/T_Wood_Walnut_N.uasset" 915
"../../../Igra/Content/StarterContent/Materials/M_Wood_Walnut.uasset" 916
"../../../Igra/Content/StarterContent/Architecture/Wall_Door_400x300.uasset" 917
"../../../Igra/Content/StarterContent/Architecture/Wall_Window_400x300.uasset" 918
"../../../Igra/Content/StarterContent/Audio/Collapse_Cue.uasset" 919
"../../../Igra/Content/StarterContent/Audio/Starter_Music_Cue.uasset" 920
"../../../Igra/Content/StarterContent/Textures/T_Dust_Particle_D.uasset" 921
"../../../Igra/Content/StarterContent/Particles/Materials/M_Dust_Particle.uasset" 922
"../../../Igra/Content/StarterContent/Particles/P_Ambient_Dust.uasset" 923
"../../../Igra/Content/StarterContent/Props/MaterialSphere.uasset" 924
"../../../Igra/Content/StarterContent/Textures/T_Frame_M.uasset" 925
"../../../Igra/Content/StarterContent/Textures/T_Frame_N.uasset" 926
"../../../Igra/Content/StarterContent/Props/Materials/M_Frame.uasset" 927
"../../../Igra/Content/StarterContent/Props/SM_CornerFrame.uasset" 928
"../../../Igra/Content/StarterContent/Props/SM_DoorFrame.uasset" 929
"../../../Igra/Content/StarterContent/Props/SM_GlassWindow.uasset" 930
"../../../Igra/Content/StarterContent/Props/SM_PillarFrame.uasset" 931
"../../../Igra/Content/StarterContent/Props/SM_PillarFrame300.uasset" 932
"../../../Igra/Content/StarterContent/Props/SM_WindowFrame.uasset" 933
"../../../Igra/Content/StarterContent/Shapes/Shape_Cube.uasset" 934
"../../../Igra/Content/StarterContent/Shapes/Shape_QuadPyramid.uasset" 935
"../../../Igra/Content/StarterContent/Shapes/Shape_Sphere.uasset" 936
"../../../Igra/Content/StarterContent/Maps/StarterMap.umap" 937
"../../../Engine/Content/Maps/Entry.umap" 938
